Flutter crash report; please file at https://github.com/flutter/flutter/issues.

## command

flutter build apk

## exception

FileSystemException: FileSystemException: Cannot open file, path = '/opt/flutter/bin/cache/lockfile' (OS Error: Permission denied, errno = 13)

```
#0      _File.open.<anonymous closure> (dart:io/file_impl.dart:351)
#1      _rootRunUnary (dart:async/zone.dart:1134)
#2      _CustomZone.runUnary (dart:async/zone.dart:1031)
#3      _FutureListener.handleValue (dart:async/future_impl.dart:129)
#4      Future._propagateToListeners.handleValueCallback (dart:async/future_impl.dart:637)
#5      Future._propagateToListeners (dart:async/future_impl.dart:666)
#6      Future._completeWithValue (dart:async/future_impl.dart:481)
#7      Future._asyncComplete.<anonymous closure> (dart:async/future_impl.dart:511)
#8      _rootRun (dart:async/zone.dart:1126)
#9      _CustomZone.run (dart:async/zone.dart:1023)
#10     _CustomZone.bindCallback.<anonymous closure> (dart:async/zone.dart:949)
#11     _microtaskLoop (dart:async/schedule_microtask.dart:41)
#12     _startMicrotaskLoop (dart:async/schedule_microtask.dart:50)
#13     _runPendingImmediateCallback (dart:isolate-patch/dart:isolate/isolate_patch.dart:113)
#14     _RawReceivePortImpl._handleMessage (dart:isolate-patch/dart:isolate/isolate_patch.dart:166)
```

## flutter doctor

```
[✓] Flutter (Channel beta, v0.3.1, on Linux, locale en_GB.UTF-8)
    • Flutter version 0.3.1 at /opt/flutter
    • Framework revision 12bbaba9ae (2 weeks ago), 2018-04-19 23:36:15 -0700
    • Engine revision 09d05a3891
    • Dart version 2.0.0-dev.48.0.flutter-fe606f890b

[!] Android toolchain - develop for Android devices (Android SDK 27.0.3)
    • Android SDK at /opt/android-sdk
    • Android NDK location not configured (optional; useful for native profiling support)
    • Platform android-27, build-tools 27.0.3
    • ANDROID_HOME = /opt/android-sdk
    • Java binary at: /opt/android-studio/jre/bin/java
    • Java version OpenJDK Runtime Environment (build 1.8.0_152-release-1024-b01)
    ✗ Android licenses not accepted.  To resolve this, run: flutter doctor --android-licenses

[✓] Android Studio (version 3.1)
    • Android Studio at /opt/android-studio
    • Flutter plugin version 24.1.1
    • Dart plugin version 173.4700
    • Java version OpenJDK Runtime Environment (build 1.8.0_152-release-1024-b01)

[✓] Connected devices (1 available)
    • Swift 2 Plus • 192.168.0.13:5555 • android-arm64 • Android 7.1.2 (API 25)

! Doctor found issues in 1 category.
```
