Flutter crash report; please file at https://github.com/flutter/flutter/issues.

## command

flutter build aot --suppress-analytics --quiet --target lib/main.dart --target-platform android-arm --output-dir /home/boa/Downloads/plugins-master/packages/flutter_naplo/build/app/intermediates/flutter/release --preview-dart-2 --release

## exception

FileSystemException: FileSystemException: Cannot open file, path = '/home/boa/Downloads/plugins-master/packages/flutter_naplo/build/app/intermediates/flutter/release/frontend_server.d' (OS Error: Permission denied, errno = 13)

```
#0      _File.open.<anonymous closure> (dart:io/file_impl.dart:354)
#1      _rootRunUnary (dart:async/zone.dart:1134)
#2      _CustomZone.runUnary (dart:async/zone.dart:1031)
#3      _FutureListener.handleValue (dart:async/future_impl.dart:129)
#4      Future._propagateToListeners.handleValueCallback (dart:async/future_impl.dart:633)
#5      Future._propagateToListeners (dart:async/future_impl.dart:662)
#6      Future._completeWithValue (dart:async/future_impl.dart:477)
#7      Future._asyncComplete.<anonymous closure> (dart:async/future_impl.dart:507)
#8      _rootRun (dart:async/zone.dart:1126)
#9      _CustomZone.run (dart:async/zone.dart:1023)
#10     _CustomZone.bindCallback.<anonymous closure> (dart:async/zone.dart:949)
#11     _microtaskLoop (dart:async/schedule_microtask.dart:41)
#12     _startMicrotaskLoop (dart:async/schedule_microtask.dart:50)
#13     _runPendingImmediateCallback (dart:isolate-patch/dart:isolate/isolate_patch.dart:113)
#14     _RawReceivePortImpl._handleMessage (dart:isolate-patch/dart:isolate/isolate_patch.dart:166)
```

## flutter doctor

```
[✓] Flutter (Channel dev, v0.3.6, on Linux, locale en_GB.UTF-8)
    • Flutter version 0.3.6 at /home/boa/flutter/flutter
    • Framework revision be09a200ee (3 days ago), 2018-05-04 10:31:53 -0700
    • Engine revision e976be13c5
    • Dart version 2.0.0-dev.53.0.flutter-e6d7d67f4b

[!] Android toolchain - develop for Android devices (Android SDK 27.0.3)
    • Android SDK at /opt/android-sdk
    • Android NDK location not configured (optional; useful for native profiling support)
    • Platform android-27, build-tools 27.0.3
    • ANDROID_HOME = /opt/android-sdk
    • Java binary at: /opt/android-studio/jre/bin/java
    • Java version OpenJDK Runtime Environment (build 1.8.0_152-release-1024-b01)
    ✗ Android licenses not accepted.  To resolve this, run: flutter doctor --android-licenses

[✓] Android Studio (version 3.1)
    • Android Studio at /opt/android-studio
    • Flutter plugin version 24.1.1
    • Dart plugin version 173.4700
    • Java version OpenJDK Runtime Environment (build 1.8.0_152-release-1024-b01)

[✓] Connected devices (1 available)
    • Swift 2 Plus • 192.168.0.13:5555 • android-arm64 • Android 7.1.2 (API 25)

! Doctor found issues in 1 category.
```
